<?xml version="1.0" encoding="UTF-8"?>
<!-- Generated by org.testng.reporters.JUnitReportReporter -->
<testsuite skipped="0" hostname="SACHIN-PC" name="com.crm.qa.testcases.HomePageTest" tests="3" failures="0" timestamp="07 Mar 2019 12:29:29 GMT" time="159.708" errors="0">
  <testcase name="verifyHomePageTitleTest" time="55.453" classname="com.crm.qa.testcases.HomePageTest"/>
  <testcase name="verifyUserTest" time="55.546" classname="com.crm.qa.testcases.HomePageTest"/>
  <testcase name="verifyContactsPageLink" time="48.709" classname="com.crm.qa.testcases.HomePageTest"/>
</testsuite> <!-- com.crm.qa.testcases.HomePageTest -->
