<?xml version="1.0" encoding="UTF-8"?>
<!-- Generated by org.testng.reporters.JUnitReportReporter -->
<testsuite skipped="0" hostname="SACHIN-PC" name="com.crm.qa.testcases.ContactsPageTest" tests="7" failures="0" timestamp="07 Mar 2019 12:29:29 GMT" time="460.983" errors="0">
  <testcase name="verifyContactsPageLabelTest" time="55.758" classname="com.crm.qa.testcases.ContactsPageTest"/>
  <testcase name="selectContactsTest" time="54.088" classname="com.crm.qa.testcases.ContactsPageTest"/>
  <testcase name="selectMultiPleContactsTest" time="55.791" classname="com.crm.qa.testcases.ContactsPageTest"/>
  <testcase name="validateCreateNewContacts" time="72.846" classname="com.crm.qa.testcases.ContactsPageTest"/>
  <testcase name="validateCreateNewContacts" time="80.803" classname="com.crm.qa.testcases.ContactsPageTest"/>
  <testcase name="validateCreateNewContacts" time="65.787" classname="com.crm.qa.testcases.ContactsPageTest"/>
  <testcase name="validateCreateNewContacts" time="75.910" classname="com.crm.qa.testcases.ContactsPageTest"/>
</testsuite> <!-- com.crm.qa.testcases.ContactsPageTest -->
