<?xml version="1.0" encoding="UTF-8"?>
<!-- Generated by org.testng.reporters.JUnitReportReporter -->
<testsuite skipped="0" hostname="SACHIN-PC" name="com.crm.qa.testcases.LoginPageTest" tests="3" failures="0" timestamp="07 Mar 2019 12:29:29 GMT" time="115.282" errors="0">
  <testcase name="loginPageTileTest" time="34.590" classname="com.crm.qa.testcases.LoginPageTest"/>
  <testcase name="crmLogoImageTest" time="30.935" classname="com.crm.qa.testcases.LoginPageTest"/>
  <testcase name="loginTest" time="49.757" classname="com.crm.qa.testcases.LoginPageTest"/>
</testsuite> <!-- com.crm.qa.testcases.LoginPageTest -->
