<?xml version="1.0" encoding="UTF-8"?>
<!-- Generated by org.testng.reporters.JUnitReportReporter -->
<testsuite skipped="0" hostname="SACHIN-PC" name="com.crm.qa.testcases.ContactsPageTest" tests="1" failures="0" timestamp="09 Mar 2019 09:06:46 GMT" time="72.004" errors="0">
  <testcase name="verifyContactsPageLabelTest" time="72.004" classname="com.crm.qa.testcases.ContactsPageTest"/>
</testsuite> <!-- com.crm.qa.testcases.ContactsPageTest -->
