<?xml version="1.0" encoding="UTF-8"?>
<!-- Generated by org.testng.reporters.JUnitReportReporter -->
<testsuite skipped="0" hostname="SACHIN-PC" name="com.crm.qa.testcases.LoginPageTest" tests="1" failures="0" timestamp="09 Mar 2019 09:06:46 GMT" time="19.811" errors="0">
  <testcase name="loginPageTileTest" time="19.811" classname="com.crm.qa.testcases.LoginPageTest"/>
</testsuite> <!-- com.crm.qa.testcases.LoginPageTest -->
