<?xml version="1.0" encoding="UTF-8"?>
<!-- Generated by org.testng.reporters.JUnitReportReporter -->
<testsuite skipped="0" hostname="SACHIN-PC" name="com.crm.qa.testcases.HomePageTest" tests="1" failures="0" timestamp="09 Mar 2019 09:06:46 GMT" time="37.867" errors="0">
  <testcase name="verifyHomePageTitleTest" time="37.867" classname="com.crm.qa.testcases.HomePageTest"/>
</testsuite> <!-- com.crm.qa.testcases.HomePageTest -->
